Unpacking libstdc++6:i386 (12.1.0-2ubuntu1~22.04) ...
Selecting previously unselected package libicu70:i386.
Preparing to unpack .../061-libicu70_70.1-2_i386.deb ...
Unpacking libicu70:i386 (70.1-2) ...
Selecting previously unselected package libunistring2:i386.
Preparing to unpack .../062-libunistring2_1.0-1_i386.deb ...
Unpacking libunistring2:i386 (1.0-1) ...
Selecting previously unselected package libidn2-0:i386.
Preparing to unpack .../063-libidn2-0_2.3.2-2build1_i386.deb ...
Unpacking libidn2-0:i386 (2.3.2-2build1) ...
Selecting previously unselected package libxml2:i386.
Preparing to unpack .../064-libxml2_2.9.13+dfsg-1ubuntu0.3_i386.deb ...
Unpacking libxml2:i386 (2.9.13+dfsg-1ubuntu0.3) ...
Selecting previously unselected package libdrm2:i386.
Preparing to unpack .../065-libdrm2_2.4.113-2~ubuntu0.22.04.1_i386.deb ...
Unpacking libdrm2:i386 (2.4.113-2~ubuntu0.22.04.1) ...
Selecting previously unselected package libedit2:i386.
Preparing to unpack .../066-libedit2_3.1-20210910-1build1_i386.deb ...
Unpacking libedit2:i386 (3.1-20210910-1build1) ...
Selecting previously unselected package libxau6:i386.
Preparing to unpack .../067-libxau6_1%3a1.0.9-1build5_i386.deb ...
Unpacking libxau6:i386 (1:1.0.9-1build5) ...
Selecting previously unselected package libxdmcp6:i386.
Preparing to unpack .../068-libxdmcp6_1%3a1.1.3-0ubuntu5_i386.deb ...
Unpacking libxdmcp6:i386 (1:1.1.3-0ubuntu5) ...
Selecting previously unselected package libxcb1:i386.
Preparing to unpack .../069-libxcb1_1.14-3ubuntu3_i386.deb ...
Unpacking libxcb1:i386 (1.14-3ubuntu3) ...
Selecting previously unselected package libx11-6:i386.
Preparing to unpack .../070-libx11-6_2%3a1.7.5-1_i386.deb ...
Unpacking libx11-6:i386 (2:1.7.5-1) ...
Selecting previously unselected package libxext6:i386.
Preparing to unpack .../071-libxext6_2%3a1.3.4-1build1_i386.deb ...
Unpacking libxext6:i386 (2:1.3.4-1build1) ...
Selecting previously unselected package java-common.
Preparing to unpack .../072-java-common_0.72build2_all.deb ...
Unpacking java-common (0.72build2) ...
Selecting previously unselected package openjdk-11-jre-headless:amd64.
Preparing to unpack .../073-openjdk-11-jre-headless_11.0.18+10-0ubuntu1~22.04_amd64.deb ...
Unpacking openjdk-11-jre-headless:amd64 (11.0.18+10-0ubuntu1~22.04) ...
Selecting previously unselected package default-jre-headless.
Preparing to unpack .../074-default-jre-headless_2%3a1.11-72build2_amd64.deb ...
Unpacking default-jre-headless (2:1.11-72build2) ...
Selecting previously unselected package ca-certificates-java.
Preparing to unpack .../075-ca-certificates-java_20190909ubuntu1.1_all.deb ...
Unpacking ca-certificates-java (20190909ubuntu1.1) ...
Selecting previously unselected package cuda-toolkit-config-common.
Preparing to unpack .../076-cuda-toolkit-config-common_12.1.105-1_all.deb ...
Unpacking cuda-toolkit-config-common (12.1.105-1) ...
Selecting previously unselected package cuda-toolkit-12-config-common.
Preparing to unpack .../077-cuda-toolkit-12-config-common_12.1.105-1_all.deb ...
Unpacking cuda-toolkit-12-config-common (12.1.105-1) ...
Selecting previously unselected package cuda-toolkit-12-1-config-common.
Preparing to unpack .../078-cuda-toolkit-12-1-config-common_12.1.105-1_all.deb ...
Unpacking cuda-toolkit-12-1-config-common (12.1.105-1) ...
Selecting previously unselected package cuda-cudart-12-1.
Preparing to unpack .../079-cuda-cudart-12-1_12.1.105-1_amd64.deb ...
Unpacking cuda-cudart-12-1 (12.1.105-1) ...
Selecting previously unselected package cuda-nvrtc-12-1.
Preparing to unpack .../080-cuda-nvrtc-12-1_12.1.105-1_amd64.deb ...
Unpacking cuda-nvrtc-12-1 (12.1.105-1) ...
Selecting previously unselected package cuda-opencl-12-1.
Preparing to unpack .../081-cuda-opencl-12-1_12.1.105-1_amd64.deb ...
Unpacking cuda-opencl-12-1 (12.1.105-1) ...
Selecting previously unselected package libcublas-12-1.
Preparing to unpack .../082-libcublas-12-1_12.1.3.1-1_amd64.deb ...
Unpacking libcublas-12-1 (12.1.3.1-1) ...
Selecting previously unselected package libcufft-12-1.
Preparing to unpack .../083-libcufft-12-1_11.0.2.54-1_amd64.deb ...
Unpacking libcufft-12-1 (11.0.2.54-1) ...
Selecting previously unselected package libcufile-12-1.
Preparing to unpack .../084-libcufile-12-1_1.6.1.9-1_amd64.deb ...
Unpacking libcufile-12-1 (1.6.1.9-1) ...
Selecting previously unselected package libcurand-12-1.
Preparing to unpack .../085-libcurand-12-1_10.3.2.106-1_amd64.deb ...
Unpacking libcurand-12-1 (10.3.2.106-1) ...
Selecting previously unselected package libcusolver-12-1.
Preparing to unpack .../086-libcusolver-12-1_11.4.5.107-1_amd64.deb ...
Unpacking libcusolver-12-1 (11.4.5.107-1) ...
Selecting previously unselected package libcusparse-12-1.
Preparing to unpack .../087-libcusparse-12-1_12.1.0.106-1_amd64.deb ...
Unpacking libcusparse-12-1 (12.1.0.106-1) ...
Selecting previously unselected package libnpp-12-1.
Preparing to unpack .../088-libnpp-12-1_12.1.0.40-1_amd64.deb ...
Unpacking libnpp-12-1 (12.1.0.40-1) ...
Selecting previously unselected package libnvjitlink-12-1.
Preparing to unpack .../089-libnvjitlink-12-1_12.1.105-1_amd64.deb ...
Unpacking libnvjitlink-12-1 (12.1.105-1) ...
Selecting previously unselected package libnvjpeg-12-1.
Preparing to unpack .../090-libnvjpeg-12-1_12.2.0.2-1_amd64.deb ...
Unpacking libnvjpeg-12-1 (12.2.0.2-1) ...
Selecting previously unselected package cuda-libraries-12-1.
Preparing to unpack .../091-cuda-libraries-12-1_12.1.1-1_amd64.deb ...
Unpacking cuda-libraries-12-1 (12.1.1-1) ...
Selecting previously unselected package libnvidia-common-530.
Preparing to unpack .../092-libnvidia-common-530_530.30.02-0ubuntu1_all.deb ...
Unpacking libnvidia-common-530 (530.30.02-0ubuntu1) ...
Selecting previously unselected package libnvidia-compute-530:amd64.
Preparing to unpack .../093-libnvidia-compute-530_530.30.02-0ubuntu1_amd64.deb ...
Unpacking libnvidia-compute-530:amd64 (530.30.02-0ubuntu1) ...
Selecting previously unselected package libnvidia-decode-530:amd64.
Preparing to unpack .../094-libnvidia-decode-530_530.30.02-0ubuntu1_amd64.deb ...
Unpacking libnvidia-decode-530:amd64 (530.30.02-0ubuntu1) ...
Selecting previously unselected package libnvidia-encode-530:amd64.
Preparing to unpack .../095-libnvidia-encode-530_530.30.02-0ubuntu1_amd64.deb ...
Unpacking libnvidia-encode-530:amd64 (530.30.02-0ubuntu1) ...
Selecting previously unselected package libnvidia-fbc1-530:amd64.
Preparing to unpack .../096-libnvidia-fbc1-530_530.30.02-0ubuntu1_amd64.deb ...
Unpacking libnvidia-fbc1-530:amd64 (530.30.02-0ubuntu1) ...
Selecting previously unselected package libnvidia-gl-530:amd64.
Preparing to unpack .../097-libnvidia-gl-530_530.30.02-0ubuntu1_amd64.deb ...
dpkg-query: no packages found matching libnvidia-gl-450
Unpacking libnvidia-gl-530:amd64 (530.30.02-0ubuntu1) ...
Selecting previously unselected package nvidia-compute-utils-530.
Preparing to unpack .../098-nvidia-compute-utils-530_530.30.02-0ubuntu1_amd64.deb ...
Unpacking nvidia-compute-utils-530 (530.30.02-0ubuntu1) ...
Selecting previously unselected package nvidia-kernel-source-530.
Preparing to unpack .../099-nvidia-kernel-source-530_530.30.02-0ubuntu1_amd64.deb ...
Unpacking nvidia-kernel-source-530 (530.30.02-0ubuntu1) ...
Selecting previously unselected package nvidia-kernel-common-530.
Preparing to unpack .../100-nvidia-kernel-common-530_530.30.02-0ubuntu1_amd64.deb ...
Unpacking nvidia-kernel-common-530 (530.30.02-0ubuntu1) ...
Selecting previously unselected package nvidia-dkms-530.
Preparing to unpack .../101-nvidia-dkms-530_530.30.02-0ubuntu1_amd64.deb ...
Unpacking nvidia-dkms-530 (530.30.02-0ubuntu1) ...
Selecting previously unselected package libnvidia-extra-530:amd64.
Preparing to unpack .../102-libnvidia-extra-530_530.30.02-0ubuntu1_amd64.deb ...
Unpacking libnvidia-extra-530:amd64 (530.30.02-0ubuntu1) ...
Selecting previously unselected package nvidia-utils-530.
Preparing to unpack .../103-nvidia-utils-530_530.30.02-0ubuntu1_amd64.deb ...
Unpacking nvidia-utils-530 (530.30.02-0ubuntu1) ...
Selecting previously unselected package libnvidia-cfg1-530:amd64.
Preparing to unpack .../104-libnvidia-cfg1-530_530.30.02-0ubuntu1_amd64.deb ...
Unpacking libnvidia-cfg1-530:amd64 (530.30.02-0ubuntu1) ...
Selecting previously unselected package xserver-xorg-video-nvidia-530.
Preparing to unpack .../105-xserver-xorg-video-nvidia-530_530.30.02-0ubuntu1_amd64.deb ...
Unpacking xserver-xorg-video-nvidia-530 (530.30.02-0ubuntu1) ...
Selecting previously unselected package nvidia-driver-530.
Preparing to unpack .../106-nvidia-driver-530_530.30.02-0ubuntu1_amd64.deb ...
Unpacking nvidia-driver-530 (530.30.02-0ubuntu1) ...
Selecting previously unselected package nvidia-modprobe.
Preparing to unpack .../107-nvidia-modprobe_530.30.02-0ubuntu1_amd64.deb ...
Unpacking nvidia-modprobe (530.30.02-0ubuntu1) ...
Selecting previously unselected package pkg-config.
Preparing to unpack .../108-pkg-config_0.29.2-1ubuntu3_amd64.deb ...
Unpacking pkg-config (0.29.2-1ubuntu3) ...
Selecting previously unselected package screen-resolution-extra.
Preparing to unpack .../109-screen-resolution-extra_0.18.2_all.deb ...
Unpacking screen-resolution-extra (0.18.2) ...
Selecting previously unselected package libxnvctrl0:amd64.
Preparing to unpack .../110-libxnvctrl0_530.30.02-0ubuntu1_amd64.deb ...
Unpacking libxnvctrl0:amd64 (530.30.02-0ubuntu1) ...
Selecting previously unselected package nvidia-settings.
Preparing to unpack .../111-nvidia-settings_530.30.02-0ubuntu1_amd64.deb ...
Unpacking nvidia-settings (530.30.02-0ubuntu1) ...
Selecting previously unselected package cuda-drivers-530.
Preparing to unpack .../112-cuda-drivers-530_530.30.02-1_amd64.deb ...
Unpacking cuda-drivers-530 (530.30.02-1) ...
Selecting previously unselected package cuda-drivers.
Preparing to unpack .../113-cuda-drivers_530.30.02-1_amd64.deb ...
Unpacking cuda-drivers (530.30.02-1) ...
Selecting previously unselected package cuda-runtime-12-1.
Preparing to unpack .../114-cuda-runtime-12-1_12.1.1-1_amd64.deb ...
Unpacking cuda-runtime-12-1 (12.1.1-1) ...
Selecting previously unselected package cuda-cuobjdump-12-1.
Preparing to unpack .../115-cuda-cuobjdump-12-1_12.1.111-1_amd64.deb ...
Unpacking cuda-cuobjdump-12-1 (12.1.111-1) ...
Selecting previously unselected package cuda-cuxxfilt-12-1.
Preparing to unpack .../116-cuda-cuxxfilt-12-1_12.1.105-1_amd64.deb ...
Unpacking cuda-cuxxfilt-12-1 (12.1.105-1) ...
Selecting previously unselected package cuda-cccl-12-1.
Preparing to unpack .../117-cuda-cccl-12-1_12.1.109-1_amd64.deb ...
Unpacking cuda-cccl-12-1 (12.1.109-1) ...
Selecting previously unselected package cuda-driver-dev-12-1.
Preparing to unpack .../118-cuda-driver-dev-12-1_12.1.105-1_amd64.deb ...
Unpacking cuda-driver-dev-12-1 (12.1.105-1) ...
Selecting previously unselected package cuda-cudart-dev-12-1.
Preparing to unpack .../119-cuda-cudart-dev-12-1_12.1.105-1_amd64.deb ...
Unpacking cuda-cudart-dev-12-1 (12.1.105-1) ...
Selecting previously unselected package cuda-nvcc-12-1.
Preparing to unpack .../120-cuda-nvcc-12-1_12.1.105-1_amd64.deb ...
Unpacking cuda-nvcc-12-1 (12.1.105-1) ...
Selecting previously unselected package cuda-nvprune-12-1.
Preparing to unpack .../121-cuda-nvprune-12-1_12.1.105-1_amd64.deb ...
Unpacking cuda-nvprune-12-1 (12.1.105-1) ...
Selecting previously unselected package cuda-compiler-12-1.
Preparing to unpack .../122-cuda-compiler-12-1_12.1.1-1_amd64.deb ...
Unpacking cuda-compiler-12-1 (12.1.1-1) ...
Selecting previously unselected package cuda-profiler-api-12-1.
Preparing to unpack .../123-cuda-profiler-api-12-1_12.1.105-1_amd64.deb ...
Unpacking cuda-profiler-api-12-1 (12.1.105-1) ...
Selecting previously unselected package cuda-nvrtc-dev-12-1.
Preparing to unpack .../124-cuda-nvrtc-dev-12-1_12.1.105-1_amd64.deb ...
Unpacking cuda-nvrtc-dev-12-1 (12.1.105-1) ...
Selecting previously unselected package cuda-opencl-dev-12-1.
Preparing to unpack .../125-cuda-opencl-dev-12-1_12.1.105-1_amd64.deb ...
Unpacking cuda-opencl-dev-12-1 (12.1.105-1) ...
Selecting previously unselected package libcublas-dev-12-1.
Preparing to unpack .../126-libcublas-dev-12-1_12.1.3.1-1_amd64.deb ...
Unpacking libcublas-dev-12-1 (12.1.3.1-1) ...
Selecting previously unselected package libcufft-dev-12-1.
Preparing to unpack .../127-libcufft-dev-12-1_11.0.2.54-1_amd64.deb ...
Unpacking libcufft-dev-12-1 (11.0.2.54-1) ...
Selecting previously unselected package libcufile-dev-12-1.
Preparing to unpack .../128-libcufile-dev-12-1_1.6.1.9-1_amd64.deb ...
Unpacking libcufile-dev-12-1 (1.6.1.9-1) ...
Selecting previously unselected package libcurand-dev-12-1.
Preparing to unpack .../129-libcurand-dev-12-1_10.3.2.106-1_amd64.deb ...
Unpacking libcurand-dev-12-1 (10.3.2.106-1) ...
Selecting previously unselected package libcusolver-dev-12-1.
Preparing to unpack .../130-libcusolver-dev-12-1_11.4.5.107-1_amd64.deb ...
Unpacking libcusolver-dev-12-1 (11.4.5.107-1) ...
Selecting previously unselected package libcusparse-dev-12-1.
Preparing to unpack .../131-libcusparse-dev-12-1_12.1.0.106-1_amd64.deb ...
Unpacking libcusparse-dev-12-1 (12.1.0.106-1) ...
Selecting previously unselected package libnpp-dev-12-1.
Preparing to unpack .../132-libnpp-dev-12-1_12.1.0.40-1_amd64.deb ...
Unpacking libnpp-dev-12-1 (12.1.0.40-1) ...
Selecting previously unselected package libnvjitlink-dev-12-1.
Preparing to unpack .../133-libnvjitlink-dev-12-1_12.1.105-1_amd64.deb ...
Unpacking libnvjitlink-dev-12-1 (12.1.105-1) ...
Selecting previously unselected package libnvjpeg-dev-12-1.
Preparing to unpack .../134-libnvjpeg-dev-12-1_12.2.0.2-1_amd64.deb ...
Unpacking libnvjpeg-dev-12-1 (12.2.0.2-1) ...
Selecting previously unselected package cuda-libraries-dev-12-1.
Preparing to unpack .../135-cuda-libraries-dev-12-1_12.1.1-1_amd64.deb ...
Unpacking cuda-libraries-dev-12-1 (12.1.1-1) ...
Selecting previously unselected package cuda-cupti-12-1.
Preparing to unpack .../136-cuda-cupti-12-1_12.1.105-1_amd64.deb ...
Unpacking cuda-cupti-12-1 (12.1.105-1) ...
Selecting previously unselected package cuda-cupti-dev-12-1.
Preparing to unpack .../137-cuda-cupti-dev-12-1_12.1.105-1_amd64.deb ...
Unpacking cuda-cupti-dev-12-1 (12.1.105-1) ...
Selecting previously unselected package cuda-nvdisasm-12-1.
Preparing to unpack .../138-cuda-nvdisasm-12-1_12.1.105-1_amd64.deb ...
Unpacking cuda-nvdisasm-12-1 (12.1.105-1) ...
Selecting previously unselected package cuda-gdb-12-1.
Preparing to unpack .../139-cuda-gdb-12-1_12.1.105-1_amd64.deb ...
Unpacking cuda-gdb-12-1 (12.1.105-1) ...
Selecting previously unselected package cuda-nvprof-12-1.
Preparing to unpack .../140-cuda-nvprof-12-1_12.1.105-1_amd64.deb ...
Unpacking cuda-nvprof-12-1 (12.1.105-1) ...
Selecting previously unselected package cuda-nvtx-12-1.
Preparing to unpack .../141-cuda-nvtx-12-1_12.1.105-1_amd64.deb ...
Unpacking cuda-nvtx-12-1 (12.1.105-1) ...
Selecting previously unselected package cuda-sanitizer-12-1.
Preparing to unpack .../142-cuda-sanitizer-12-1_12.1.105-1_amd64.deb ...
Unpacking cuda-sanitizer-12-1 (12.1.105-1) ...
Selecting previously unselected package cuda-command-line-tools-12-1.
Preparing to unpack .../143-cuda-command-line-tools-12-1_12.1.1-1_amd64.deb ...
Unpacking cuda-command-line-tools-12-1 (12.1.1-1) ...
Selecting previously unselected package nsight-compute-2023.1.1.
Preparing to unpack .../144-nsight-compute-2023.1.1_2023.1.1.4-1_amd64.deb ...
Unpacking nsight-compute-2023.1.1 (2023.1.1.4-1) ...
Selecting previously unselected package cuda-nsight-compute-12-1.
Preparing to unpack .../145-cuda-nsight-compute-12-1_12.1.1-1_amd64.deb ...
Unpacking cuda-nsight-compute-12-1 (12.1.1-1) ...
Selecting previously unselected package libtinfo5:amd64.
Preparing to unpack .../146-libtinfo5_6.3-2_amd64.deb ...
Unpacking libtinfo5:amd64 (6.3-2) ...
Selecting previously unselected package libxcb-xinerama0:amd64.
Preparing to unpack .../147-libxcb-xinerama0_1.14-3ubuntu3_amd64.deb ...
Unpacking libxcb-xinerama0:amd64 (1.14-3ubuntu3) ...
Selecting previously unselected package libxcb-icccm4:amd64.
Preparing to unpack .../148-libxcb-icccm4_0.4.1-1.1build2_amd64.deb ...
Unpacking libxcb-icccm4:amd64 (0.4.1-1.1build2) ...
Selecting previously unselected package libxcb-image0:amd64.
Preparing to unpack .../149-libxcb-image0_0.4.0-2_amd64.deb ...
Unpacking libxcb-image0:amd64 (0.4.0-2) ...
Selecting previously unselected package libxcb-keysyms1:amd64.
Preparing to unpack .../150-libxcb-keysyms1_0.4.0-1build3_amd64.deb ...
Unpacking libxcb-keysyms1:amd64 (0.4.0-1build3) ...
Selecting previously unselected package libxcb-render-util0:amd64.
Preparing to unpack .../151-libxcb-render-util0_0.3.9-1build3_amd64.deb ...
Unpacking libxcb-render-util0:amd64 (0.3.9-1build3) ...
Selecting previously unselected package libxcb-xkb1:amd64.
Preparing to unpack .../152-libxcb-xkb1_1.14-3ubuntu3_amd64.deb ...
Unpacking libxcb-xkb1:amd64 (1.14-3ubuntu3) ...
Selecting previously unselected package libxkbcommon-x11-0:amd64.
Preparing to unpack .../153-libxkbcommon-x11-0_1.4.0-1_amd64.deb ...
Unpacking libxkbcommon-x11-0:amd64 (1.4.0-1) ...
Selecting previously unselected package libxcb-xinput0:amd64.
Preparing to unpack .../154-libxcb-xinput0_1.14-3ubuntu3_amd64.deb ...
Unpacking libxcb-xinput0:amd64 (1.14-3ubuntu3) ...
Selecting previously unselected package nsight-systems-2023.1.2.
Preparing to unpack .../155-nsight-systems-2023.1.2_2023.1.2.43-32377213v0_amd64.deb ...
Unpacking nsight-systems-2023.1.2 (2023.1.2.43-32377213v0) ...
Selecting previously unselected package cuda-nsight-systems-12-1.
Preparing to unpack .../156-cuda-nsight-systems-12-1_12.1.1-1_amd64.deb ...
Unpacking cuda-nsight-systems-12-1 (12.1.1-1) ...
Selecting previously unselected package libgif7:amd64.
Preparing to unpack .../157-libgif7_5.1.9-2build2_amd64.deb ...
Unpacking libgif7:amd64 (5.1.9-2build2) ...
Selecting previously unselected package openjdk-11-jre:amd64.
Preparing to unpack .../158-openjdk-11-jre_11.0.18+10-0ubuntu1~22.04_amd64.deb ...
Unpacking openjdk-11-jre:amd64 (11.0.18+10-0ubuntu1~22.04) ...
Selecting previously unselected package default-jre.
Preparing to unpack .../159-default-jre_2%3a1.11-72build2_amd64.deb ...
Unpacking default-jre (2:1.11-72build2) ...
Selecting previously unselected package cuda-nsight-12-1.
Preparing to unpack .../160-cuda-nsight-12-1_12.1.105-1_amd64.deb ...
Unpacking cuda-nsight-12-1 (12.1.105-1) ...
Selecting previously unselected package cuda-nvml-dev-12-1.
Preparing to unpack .../161-cuda-nvml-dev-12-1_12.1.105-1_amd64.deb ...
Unpacking cuda-nvml-dev-12-1 (12.1.105-1) ...
Selecting previously unselected package cuda-nvvp-12-1.
Preparing to unpack .../162-cuda-nvvp-12-1_12.1.105-1_amd64.deb ...
Unpacking cuda-nvvp-12-1 (12.1.105-1) ...
Selecting previously unselected package cuda-visual-tools-12-1.
Preparing to unpack .../163-cuda-visual-tools-12-1_12.1.1-1_amd64.deb ...
Unpacking cuda-visual-tools-12-1 (12.1.1-1) ...
Selecting previously unselected package gds-tools-12-1.
Preparing to unpack .../164-gds-tools-12-1_1.6.1.9-1_amd64.deb ...
Unpacking gds-tools-12-1 (1.6.1.9-1) ...
Selecting previously unselected package cuda-tools-12-1.
Preparing to unpack .../165-cuda-tools-12-1_12.1.1-1_amd64.deb ...
Unpacking cuda-tools-12-1 (12.1.1-1) ...
Selecting previously unselected package cuda-documentation-12-1.
Preparing to unpack .../166-cuda-documentation-12-1_12.1.105-1_amd64.deb ...
Unpacking cuda-documentation-12-1 (12.1.105-1) ...
Selecting previously unselected package libnvvm-samples-12-1.
Preparing to unpack .../167-libnvvm-samples-12-1_12.1.105-1_amd64.deb ...
Unpacking libnvvm-samples-12-1 (12.1.105-1) ...
Selecting previously unselected package cuda-toolkit-12-1.
Preparing to unpack .../168-cuda-toolkit-12-1_12.1.1-1_amd64.deb ...
Unpacking cuda-toolkit-12-1 (12.1.1-1) ...
Selecting previously unselected package cuda-demo-suite-12-1.
Preparing to unpack .../169-cuda-demo-suite-12-1_12.1.105-1_amd64.deb ...
Unpacking cuda-demo-suite-12-1 (12.1.105-1) ...
Selecting previously unselected package cuda-12-1.
Preparing to unpack .../170-cuda-12-1_12.1.1-1_amd64.deb ...
Unpacking cuda-12-1 (12.1.1-1) ...
Selecting previously unselected package cuda.
Preparing to unpack .../171-cuda_12.1.1-1_amd64.deb ...
Unpacking cuda (12.1.1-1) ...
Selecting previously unselected package libfakeroot:amd64.
Preparing to unpack .../172-libfakeroot_1.28-1ubuntu1_amd64.deb ...
Unpacking libfakeroot:amd64 (1.28-1ubuntu1) ...
Selecting previously unselected package fakeroot.
Preparing to unpack .../173-fakeroot_1.28-1ubuntu1_amd64.deb ...
Unpacking fakeroot (1.28-1ubuntu1) ...
Selecting previously unselected package fonts-dejavu-extra.
Preparing to unpack .../174-fonts-dejavu-extra_2.37-2build1_all.deb ...
Unpacking fonts-dejavu-extra (2.37-2build1) ...
Selecting previously unselected package krb5-locales.
Preparing to unpack .../175-krb5-locales_1.19.2-2ubuntu0.1_all.deb ...
Unpacking krb5-locales (1.19.2-2ubuntu0.1) ...
Selecting previously unselected package libalgorithm-diff-perl.
Preparing to unpack .../176-libalgorithm-diff-perl_1.201-1_all.deb ...
Unpacking libalgorithm-diff-perl (1.201-1) ...
Selecting previously unselected package libalgorithm-diff-xs-perl.
Preparing to unpack .../177-libalgorithm-diff-xs-perl_0.04-6build3_amd64.deb ...
Unpacking libalgorithm-diff-xs-perl (0.04-6build3) ...
Selecting previously unselected package libalgorithm-merge-perl.
Preparing to unpack .../178-libalgorithm-merge-perl_0.08-3_all.deb ...
Unpacking libalgorithm-merge-perl (0.08-3) ...
Selecting previously unselected package libatk-wrapper-java.
Preparing to unpack .../179-libatk-wrapper-java_0.38.0-5build1_all.deb ...
Unpacking libatk-wrapper-java (0.38.0-5build1) ...
Selecting previously unselected package libatk-wrapper-java-jni:amd64.
Preparing to unpack .../180-libatk-wrapper-java-jni_0.38.0-5build1_amd64.deb ...
Unpacking libatk-wrapper-java-jni:amd64 (0.38.0-5build1) ...
Selecting previously unselected package libatomic1:i386.
Preparing to unpack .../181-libatomic1_12.1.0-2ubuntu1~22.04_i386.deb ...
Unpacking libatomic1:i386 (12.1.0-2ubuntu1~22.04) ...
Selecting previously unselected package libc-devtools.
Preparing to unpack .../182-libc-devtools_2.35-0ubuntu3.1_amd64.deb ...
Unpacking libc-devtools (2.35-0ubuntu3.1) ...
Selecting previously unselected package libdrm-amdgpu1:i386.
Preparing to unpack .../183-libdrm-amdgpu1_2.4.113-2~ubuntu0.22.04.1_i386.deb ...
Unpacking libdrm-amdgpu1:i386 (2.4.113-2~ubuntu0.22.04.1) ...
Selecting previously unselected package libdrm-nouveau2:i386.
Preparing to unpack .../184-libdrm-nouveau2_2.4.113-2~ubuntu0.22.04.1_i386.deb ...
Unpacking libdrm-nouveau2:i386 (2.4.113-2~ubuntu0.22.04.1) ...
Selecting previously unselected package libdrm-radeon1:i386.
Preparing to unpack .../185-libdrm-radeon1_2.4.113-2~ubuntu0.22.04.1_i386.deb ...
Unpacking libdrm-radeon1:i386 (2.4.113-2~ubuntu0.22.04.1) ...
Selecting previously unselected package libwayland-server0:i386.
Preparing to unpack .../186-libwayland-server0_1.20.0-1ubuntu0.1_i386.deb ...
Unpacking libwayland-server0:i386 (1.20.0-1ubuntu0.1) ...
Selecting previously unselected package libgbm1:i386.
Preparing to unpack .../187-libgbm1_22.2.5-0ubuntu0.1~22.04.1_i386.deb ...
Unpacking libgbm1:i386 (22.2.5-0ubuntu0.1~22.04.1) ...
Selecting previously unselected package libglapi-mesa:i386.
Preparing to unpack .../188-libglapi-mesa_22.2.5-0ubuntu0.1~22.04.1_i386.deb ...
Unpacking libglapi-mesa:i386 (22.2.5-0ubuntu0.1~22.04.1) ...
Selecting previously unselected package libwayland-client0:i386.
Preparing to unpack .../189-libwayland-client0_1.20.0-1ubuntu0.1_i386.deb ...
Unpacking libwayland-client0:i386 (1.20.0-1ubuntu0.1) ...
Selecting previously unselected package libx11-xcb1:i386.
Preparing to unpack .../190-libx11-xcb1_2%3a1.7.5-1_i386.deb ...
Unpacking libx11-xcb1:i386 (2:1.7.5-1) ...
Selecting previously unselected package libxcb-dri2-0:i386.
Preparing to unpack .../191-libxcb-dri2-0_1.14-3ubuntu3_i386.deb ...
Unpacking libxcb-dri2-0:i386 (1.14-3ubuntu3) ...
Selecting previously unselected package libxcb-dri3-0:i386.
Preparing to unpack .../192-libxcb-dri3-0_1.14-3ubuntu3_i386.deb ...
Unpacking libxcb-dri3-0:i386 (1.14-3ubuntu3) ...
Selecting previously unselected package libxcb-present0:i386.
Preparing to unpack .../193-libxcb-present0_1.14-3ubuntu3_i386.deb ...
Unpacking libxcb-present0:i386 (1.14-3ubuntu3) ...
Selecting previously unselected package libxcb-sync1:i386.
Preparing to unpack .../194-libxcb-sync1_1.14-3ubuntu3_i386.deb ...
Unpacking libxcb-sync1:i386 (1.14-3ubuntu3) ...
Selecting previously unselected package libxcb-xfixes0:i386.
Preparing to unpack .../195-libxcb-xfixes0_1.14-3ubuntu3_i386.deb ...
Unpacking libxcb-xfixes0:i386 (1.14-3ubuntu3) ...
Selecting previously unselected package libxshmfence1:i386.
Preparing to unpack .../196-libxshmfence1_1.3-1build4_i386.deb ...
Unpacking libxshmfence1:i386 (1.3-1build4) ...
Selecting previously unselected package libegl-mesa0:i386.
Preparing to unpack .../197-libegl-mesa0_22.2.5-0ubuntu0.1~22.04.1_i386.deb ...
Unpacking libegl-mesa0:i386 (22.2.5-0ubuntu0.1~22.04.1) ...
Selecting previously unselected package libfile-fcntllock-perl.
Preparing to unpack .../198-libfile-fcntllock-perl_0.22-3build7_amd64.deb ...
Unpacking libfile-fcntllock-perl (0.22-3build7) ...
Selecting previously unselected package libllvm15:i386.
Preparing to unpack .../199-libllvm15_1%3a15.0.7-0ubuntu0.22.04.1_i386.deb ...
Unpacking libllvm15:i386 (1:15.0.7-0ubuntu0.22.04.1) ...
Selecting previously unselected package libsensors5:i386.
Preparing to unpack .../200-libsensors5_1%3a3.6.0-7ubuntu1_i386.deb ...
Unpacking libsensors5:i386 (1:3.6.0-7ubuntu1) ...
Selecting previously unselected package libgl1-mesa-dri:i386.
Preparing to unpack .../201-libgl1-mesa-dri_22.2.5-0ubuntu0.1~22.04.1_i386.deb ...
Unpacking libgl1-mesa-dri:i386 (22.2.5-0ubuntu0.1~22.04.1) ...
Selecting previously unselected package libxcb-glx0:i386.
Preparing to unpack .../202-libxcb-glx0_1.14-3ubuntu3_i386.deb ...
Unpacking libxcb-glx0:i386 (1.14-3ubuntu3) ...
Selecting previously unselected package libxcb-shm0:i386.
Preparing to unpack .../203-libxcb-shm0_1.14-3ubuntu3_i386.deb ...
Unpacking libxcb-shm0:i386 (1.14-3ubuntu3) ...
Selecting previously unselected package libxfixes3:i386.
Preparing to unpack .../204-libxfixes3_1%3a6.0.0-1_i386.deb ...
Unpacking libxfixes3:i386 (1:6.0.0-1) ...
Selecting previously unselected package libxxf86vm1:i386.
Preparing to unpack .../205-libxxf86vm1_1%3a1.1.4-1build3_i386.deb ...
Unpacking libxxf86vm1:i386 (1:1.1.4-1build3) ...
Selecting previously unselected package libglx-mesa0:i386.
Preparing to unpack .../206-libglx-mesa0_22.2.5-0ubuntu0.1~22.04.1_i386.deb ...
Unpacking libglx-mesa0:i386 (22.2.5-0ubuntu0.1~22.04.1) ...
Selecting previously unselected package libnss-nis:i386.
Preparing to unpack .../207-libnss-nis_3.1-0ubuntu6_i386.deb ...
Unpacking libnss-nis:i386 (3.1-0ubuntu6) ...
Selecting previously unselected package libnss-nisplus:i386.
Preparing to unpack .../208-libnss-nisplus_1.3-0ubuntu6_i386.deb ...
Unpacking libnss-nisplus:i386 (1.3-0ubuntu6) ...
Selecting previously unselected package libnvidia-compute-530:i386.
Preparing to unpack .../209-libnvidia-compute-530_530.30.02-0ubuntu1_i386.deb ...
Unpacking libnvidia-compute-530:i386 (530.30.02-0ubuntu1) ...
Selecting previously unselected package libnvidia-decode-530:i386.
Preparing to unpack .../210-libnvidia-decode-530_530.30.02-0ubuntu1_i386.deb ...
Unpacking libnvidia-decode-530:i386 (530.30.02-0ubuntu1) ...
Selecting previously unselected package libnvidia-encode-530:i386.
Preparing to unpack .../211-libnvidia-encode-530_530.30.02-0ubuntu1_i386.deb ...
Unpacking libnvidia-encode-530:i386 (530.30.02-0ubuntu1) ...
Selecting previously unselected package libglvnd0:i386.
Preparing to unpack .../212-libglvnd0_1.4.0-1_i386.deb ...
Unpacking libglvnd0:i386 (1.4.0-1) ...
Selecting previously unselected package libglx0:i386.
Preparing to unpack .../213-libglx0_1.4.0-1_i386.deb ...
Unpacking libglx0:i386 (1.4.0-1) ...
Selecting previously unselected package libgl1:i386.
Preparing to unpack .../214-libgl1_1.4.0-1_i386.deb ...
Unpacking libgl1:i386 (1.4.0-1) ...
Selecting previously unselected package libnvidia-fbc1-530:i386.
Preparing to unpack .../215-libnvidia-fbc1-530_530.30.02-0ubuntu1_i386.deb ...
Unpacking libnvidia-fbc1-530:i386 (530.30.02-0ubuntu1) ...
Selecting previously unselected package libegl1:i386.
Preparing to unpack .../216-libegl1_1.4.0-1_i386.deb ...
Unpacking libegl1:i386 (1.4.0-1) ...
Selecting previously unselected package libopengl0:i386.
Preparing to unpack .../217-libopengl0_1.4.0-1_i386.deb ...
Unpacking libopengl0:i386 (1.4.0-1) ...
Selecting previously unselected package libgles2:i386.
Preparing to unpack .../218-libgles2_1.4.0-1_i386.deb ...
Unpacking libgles2:i386 (1.4.0-1) ...
Selecting previously unselected package libnvidia-gl-530:i386.
Preparing to unpack .../219-libnvidia-gl-530_530.30.02-0ubuntu1_i386.deb ...
dpkg-query: no packages found matching libnvidia-gl-450
Unpacking libnvidia-gl-530:i386 (530.30.02-0ubuntu1) ...
Selecting previously unselected package manpages-dev.
Preparing to unpack .../220-manpages-dev_5.10-1ubuntu1_all.deb ...
Unpacking manpages-dev (5.10-1ubuntu1) ...
Selecting previously unselected package nvidia-prime.
Preparing to unpack .../221-nvidia-prime_0.8.17.1_all.deb ...
Unpacking nvidia-prime (0.8.17.1) ...
Setting up cuda-toolkit-config-common (12.1.105-1) ...
Setting up nsight-compute-2023.1.1 (2023.1.1.4-1) ...
Setting up manpages-dev (5.10-1ubuntu1) ...
Setting up cuda-documentation-12-1 (12.1.105-1) ...
Setting up lto-disabled-list (24) ...
Setting up cuda-nvdisasm-12-1 (12.1.105-1) ...
Setting up cuda-driver-dev-12-1 (12.1.105-1) ...
Setting up cpp-12 (12.1.0-2ubuntu1~22.04) ...
Setting up nvidia-kernel-source-530 (530.30.02-0ubuntu1) ...
Setting up libnvidia-fbc1-530:amd64 (530.30.02-0ubuntu1) ...
Setting up java-common (0.72build2) ...
Setting up libxcb-xinput0:amd64 (1.14-3ubuntu3) ...
Setting up nvidia-kernel-common-530 (530.30.02-0ubuntu1) ...
update-initramfs: deferring update (trigger activated)
update-initramfs: Generating /boot/initrd.img-5.19.0-32-generic
Setting up cuda-profiler-api-12-1 (12.1.105-1) ...
Setting up cuda-nsight-compute-12-1 (12.1.1-1) ...
Setting up libfile-fcntllock-perl (0.22-3build7) ...
Setting up libalgorithm-diff-perl (1.201-1) ...
Setting up nvidia-prime (0.8.17.1) ...
Setting up cuda-cuxxfilt-12-1 (12.1.105-1) ...
Setting up libxcb-keysyms1:amd64 (0.4.0-1build3) ...
Setting up binutils-common:amd64 (2.38-4ubuntu2.1) ...
Setting up linux-libc-dev:amd64 (5.15.0-71.78) ...
Setting up libctf-nobfd0:amd64 (2.38-4ubuntu2.1) ...
Setting up libxcb-render-util0:amd64 (0.3.9-1build3) ...
Setting up cuda-cccl-12-1 (12.1.109-1) ...
Setting up krb5-locales (1.19.2-2ubuntu0.1) ...
Setting up libxcb-icccm4:amd64 (0.4.1-1.1build2) ...
Setting up cuda-nvtx-12-1 (12.1.105-1) ...
Setting up libfakeroot:amd64 (1.28-1ubuntu1) ...
Setting up libasan6:amd64 (11.3.0-1ubuntu1~22.04) ...
Setting up libxcb-xkb1:amd64 (1.14-3ubuntu3) ...
Setting up nvidia-modprobe (530.30.02-0ubuntu1) ...
Setting up libxcb-image0:amd64 (0.4.0-2) ...
Setting up cuda-nvprof-12-1 (12.1.105-1) ...
Setting up gcc-12-base:i386 (12.1.0-2ubuntu1~22.04) ...
Setting up libnvidia-extra-530:amd64 (530.30.02-0ubuntu1) ...
Setting up libxnvctrl0:amd64 (530.30.02-0ubuntu1) ...
Setting up fakeroot (1.28-1ubuntu1) ...
update-alternatives: using /usr/bin/fakeroot-sysv to provide /usr/bin/fakeroot (fakeroot) in auto mode
Setting up libnvidia-compute-530:amd64 (530.30.02-0ubuntu1) ...
Setting up libxcb-xinerama0:amd64 (1.14-3ubuntu3) ...
Setting up libtirpc-dev:amd64 (1.3.2-2ubuntu0.1) ...
Setting up rpcsvc-proto (1.4.2-0ubuntu6) ...
Setting up gds-tools-12-1 (1.6.1.9-1) ...
Setting up make (4.3-4.1build1) ...
Setting up cuda-toolkit-12-1-config-common (12.1.105-1) ...
Setting alternatives
update-alternatives: using /usr/local/cuda-12.1 to provide /usr/local/cuda (cuda) in auto mode
update-alternatives: using /usr/local/cuda-12.1 to provide /usr/local/cuda-12 (cuda-12) in auto mode
Setting up cuda-cuobjdump-12-1 (12.1.111-1) ...
Setting up libxkbcommon-x11-0:amd64 (1.4.0-1) ...
Setting up cuda-nvrtc-12-1 (12.1.105-1) ...
Setting up cuda-sanitizer-12-1 (12.1.105-1) ...
Setting up patch (2.7.6-7build2) ...
Setting up cuda-cupti-12-1 (12.1.105-1) ...
Setting up libdpkg-perl (1.21.1ubuntu2.1) ...
Setting up libnvidia-decode-530:amd64 (530.30.02-0ubuntu1) ...
Setting up libubsan1:amd64 (12.1.0-2ubuntu1~22.04) ...
Setting up libgif7:amd64 (5.1.9-2build2) ...
Setting up screen-resolution-extra (0.18.2) ...
Setting up fonts-dejavu-extra (2.37-2build1) ...
Setting up cuda-nvml-dev-12-1 (12.1.105-1) ...
Setting up libnsl-dev:amd64 (1.3.0-2build2) ...
Setting up libnvidia-common-530 (530.30.02-0ubuntu1) ...
Setting up libcrypt-dev:amd64 (1:4.4.27-1) ...
Setting up nvidia-utils-530 (530.30.02-0ubuntu1) ...
Setting up libasan8:amd64 (12.1.0-2ubuntu1~22.04) ...
Setting up cuda-nvprune-12-1 (12.1.105-1) ...
Setting up libnvidia-cfg1-530:amd64 (530.30.02-0ubuntu1) ...
Setting up nvidia-compute-utils-530 (530.30.02-0ubuntu1) ...
Warning: The home dir /nonexistent you specified can't be accessed: No such file or directory
Adding system user `nvidia-persistenced' (UID 114) ...
Adding new group `nvidia-persistenced' (GID 126) ...
Adding new user `nvidia-persistenced' (UID 114) with group `nvidia-persistenced' ...
Not creating home directory `/nonexistent'.
Created symlink /etc/systemd/system/multi-user.target.wants/nvidia-persistenced.service → /lib/systemd/system/nvidia-persistenced.service.
Setting up libatk-wrapper-java (0.38.0-5build1) ...
Setting up cuda-nvrtc-dev-12-1 (12.1.105-1) ...
Setting up libtsan2:amd64 (12.1.0-2ubuntu1~22.04) ...
Setting up libbinutils:amd64 (2.38-4ubuntu2.1) ...
Setting up cuda-gdb-12-1 (12.1.105-1) ...
Setting up libc-dev-bin (2.35-0ubuntu3.1) ...
Setting up libtinfo5:amd64 (6.3-2) ...
Setting up libalgorithm-diff-xs-perl (0.04-6build3) ...
Setting up cuda-toolkit-12-config-common (12.1.105-1) ...
Setting up libcc1-0:amd64 (12.1.0-2ubuntu1~22.04) ...
Setting up liblsan0:amd64 (12.1.0-2ubuntu1~22.04) ...
Setting up dctrl-tools (2.24-3build2) ...
Setting up libitm1:amd64 (12.1.0-2ubuntu1~22.04) ...
Setting up libc-devtools (2.35-0ubuntu3.1) ...
Setting up libalgorithm-merge-perl (0.08-3) ...
Setting up libnvidia-gl-530:amd64 (530.30.02-0ubuntu1) ...
Setting up libtsan0:amd64 (11.3.0-1ubuntu1~22.04) ...
Setting up libctf0:amd64 (2.38-4ubuntu2.1) ...
Setting up libnvidia-encode-530:amd64 (530.30.02-0ubuntu1) ...
Setting up nsight-systems-2023.1.2 (2023.1.2.43-32377213v0) ...
update-alternatives: using /opt/nvidia/nsight-systems/2023.1.2/target-linux-x64/nsys to provide /usr/local/bin/nsys (nsys) in auto mode
update-alternatives: using /opt/nvidia/nsight-systems/2023.1.2/host-linux-x64/nsys-ui to provide /usr/local/bin/nsys-ui (nsys-ui) in auto mode
Setting up libnvjpeg-12-1 (12.2.0.2-1) ...
Setting up libcusolver-12-1 (11.4.5.107-1) ...
Setting up libcufile-12-1 (1.6.1.9-1) ...
Setting alternatives
update-alternatives: using /usr/local/cuda-12.1/gds/cufile.json to provide /etc/cufile.json (cufile.json) in auto mode
Setting up cuda-nsight-systems-12-1 (12.1.1-1) ...
Setting up libcusolver-dev-12-1 (11.4.5.107-1) ...
Setting up cuda-cudart-12-1 (12.1.105-1) ...
Setting up cuda-cupti-dev-12-1 (12.1.105-1) ...
Setting up libatk-wrapper-java-jni:amd64 (0.38.0-5build1) ...
Setting up cuda-cudart-dev-12-1 (12.1.105-1) ...
Setting up libcufft-12-1 (11.0.2.54-1) ...
Setting up libcublas-12-1 (12.1.3.1-1) ...
Setting up libnvjpeg-dev-12-1 (12.2.0.2-1) ...
Setting up libcusparse-12-1 (12.1.0.106-1) ...
Setting up libgcc-12-dev:amd64 (12.1.0-2ubuntu1~22.04) ...
Setting up libcufile-dev-12-1 (1.6.1.9-1) ...
Setting up pkg-config (0.29.2-1ubuntu3) ...
Setting up libcufft-dev-12-1 (11.0.2.54-1) ...
Setting up libnpp-12-1 (12.1.0.40-1) ...
Setting up xserver-xorg-video-nvidia-530 (530.30.02-0ubuntu1) ...
Setting up libgcc-11-dev:amd64 (11.3.0-1ubuntu1~22.04) ...
Setting up libnvjitlink-12-1 (12.1.105-1) ...
Setting up libnpp-dev-12-1 (12.1.0.40-1) ...
Setting up cuda-opencl-12-1 (12.1.105-1) ...
Setting up libcurand-12-1 (10.3.2.106-1) ...
Setting up nvidia-settings (530.30.02-0ubuntu1) ...
Setting up libc6-dev:amd64 (2.35-0ubuntu3.1) ...
Setting up cuda-command-line-tools-12-1 (12.1.1-1) ...
Setting up binutils-x86-64-linux-gnu (2.38-4ubuntu2.1) ...
Setting up cuda-libraries-12-1 (12.1.1-1) ...
Setting up libnvjitlink-dev-12-1 (12.1.105-1) ...
Setting up libcusparse-dev-12-1 (12.1.0.106-1) ...
Setting up libcurand-dev-12-1 (10.3.2.106-1) ...
Setting up libcublas-dev-12-1 (12.1.3.1-1) ...
Setting up binutils (2.38-4ubuntu2.1) ...
Setting up dpkg-dev (1.21.1ubuntu2.1) ...
Setting up gcc-12 (12.1.0-2ubuntu1~22.04) ...
Setting up libstdc++-11-dev:amd64 (11.3.0-1ubuntu1~22.04) ...
Setting up cuda-opencl-dev-12-1 (12.1.105-1) ...
Setting up gcc-11 (11.3.0-1ubuntu1~22.04) ...
Setting up cuda-libraries-dev-12-1 (12.1.1-1) ...
Setting up g++-11 (11.3.0-1ubuntu1~22.04) ...
Setting up gcc (4:11.2.0-1ubuntu1) ...
Setting up dkms (2.8.7-2ubuntu2.1) ...
Setting up nvidia-dkms-530 (530.30.02-0ubuntu1) ...
update-initramfs: deferring update (trigger activated)
update-initramfs: Generating /boot/initrd.img-5.19.0-32-generic

A modprobe blacklist file has been created at /etc/modprobe.d to prevent Nouveau
from loading. This can be reverted by deleting the following file:
/etc/modprobe.d/nvidia-graphics-drivers.conf

A new initrd image has also been created. To revert, please regenerate your
initrd by running the following command after deleting the modprobe.d file:
`/usr/sbin/initramfs -u`

*****************************************************************************
*** Reboot your computer and verify that the NVIDIA graphics driver can   ***
*** be loaded.                                                            ***
*****************************************************************************

INFO:Enable nvidia
DEBUG:Parsing /usr/share/ubuntu-drivers-common/quirks/lenovo_thinkpad
DEBUG:Parsing /usr/share/ubuntu-drivers-common/quirks/dell_latitude
DEBUG:Parsing /usr/share/ubuntu-drivers-common/quirks/put_your_quirks_here
Loading new nvidia-530.30.02 DKMS files...
Building for 5.19.0-32-generic 5.19.0-41-generic
Building for architecture x86_64
Building initial module for 5.19.0-32-generic
Can't load /var/lib/shim-signed/mok/.rnd into RNG
4007FC27327F0000:error:12000079:random number generator:RAND_load_file:Cannot open file:../crypto/rand/randfile.c:106:Filename=/var/lib/shim-signed/mok/.rnd
...+...+....+...+...+...........+...............+...+.+............+.....+...+....+.....+............+...+.......+.....+.+........+..........+.....+++++++++++++++++++++++++++++++++++++++++++++++++++++++++++++++++*..+.+...............+...........+...+.......+..+.+...............+.....+.......+++++++++++++++++++++++++++++++++++++++++++++++++++++++++++++++++*.+..............+..........+........+..........+...+...+.....+....+..+....+..............+...+...+.......+...+.....+.+...+...........+.+.....+.+.........+......+..+...+...+...................+...+..+++++++++++++++++++++++++++++++++++++++++++++++++++++++++++++++++
.+...+....+......+..+...+++++++++++++++++++++++++++++++++++++++++++++++++++++++++++++++++*...+...+.......+++++++++++++++++++++++++++++++++++++++++++++++++++++++++++++++++*.............+.........+.........+.+.....+.+.....+.+..+............+.........+.+...........+...+.+..............+......+...+...+....+...+........+...+....+.....+......+.+......+........+.........+............+.+.........+...+......+.....+..........+..+....+..............................+......+..+......+.+..............+.......+........+.+...+........+.......+...+.....+............+...+...+....+...........+....+..+....+.....+.+......+............+..+...+...+...+..........+..+...+.......+........................+...+......+.....+.+........+......+.+.........+......+...+...+..+...+.......+..................+.........+...........+...............+.........+....+......+.....+.+..+...+.......+..+......+...+...............+....+........+.............+.....+....+...+..+.+..............+.......+......+.....+..........+.....+....+.....+.........+..........+..+.........+....+..+....+...............+...+...+...+...........+...+.+..........................+.........+......+.+..+.+.........+.....+...............+.+..+.......+..+....+......+........+......+.+...+...+.........+..................+.....+.+.........+..+.........+.......+...+..+...+....+.................+.........+++++++++++++++++++++++++++++++++++++++++++++++++++++++++++++++++
-----
Secure Boot not enabled on this system.
Done.

nvidia.ko:
Running module version sanity check.
 - Original module
   - No original module exists within this kernel
 - Installation
   - Installing to /lib/modules/5.19.0-32-generic/updates/dkms/

nvidia-modeset.ko:
Running module version sanity check.
 - Original module
   - No original module exists within this kernel
 - Installation
   - Installing to /lib/modules/5.19.0-32-generic/updates/dkms/

nvidia-drm.ko:
Running module version sanity check.
 - Original module
   - No original module exists within this kernel
 - Installation
   - Installing to /lib/modules/5.19.0-32-generic/updates/dkms/

nvidia-peermem.ko:
Running module version sanity check.
 - Original module
   - No original module exists within this kernel
 - Installation
   - Installing to /lib/modules/5.19.0-32-generic/updates/dkms/

nvidia-uvm.ko:
Running module version sanity check.
 - Original module
   - No original module exists within this kernel
 - Installation
   - Installing to /lib/modules/5.19.0-32-generic/updates/dkms/

depmod...
Building initial module for 5.19.0-41-generic
Secure Boot not enabled on this system.
Done.

nvidia.ko:
Running module version sanity check.
 - Original module
   - No original module exists within this kernel
 - Installation
   - Installing to /lib/modules/5.19.0-41-generic/updates/dkms/

nvidia-modeset.ko:
Running module version sanity check.
 - Original module
   - No original module exists within this kernel
 - Installation
   - Installing to /lib/modules/5.19.0-41-generic/updates/dkms/

nvidia-drm.ko:
Running module version sanity check.
 - Original module
   - No original module exists within this kernel
 - Installation
   - Installing to /lib/modules/5.19.0-41-generic/updates/dkms/

nvidia-peermem.ko:
Running module version sanity check.
 - Original module
   - No original module exists within this kernel
 - Installation
   - Installing to /lib/modules/5.19.0-41-generic/updates/dkms/

nvidia-uvm.ko:
Running module version sanity check.
 - Original module
   - No original module exists within this kernel
 - Installation
   - Installing to /lib/modules/5.19.0-41-generic/updates/dkms/

depmod...
Setting up g++ (4:11.2.0-1ubuntu1) ...
update-alternatives: using /usr/bin/g++ to provide /usr/bin/c++ (c++) in auto mode
Setting up build-essential (12.9ubuntu3) ...
Setting up nvidia-driver-530 (530.30.02-0ubuntu1) ...
Setting up libnvvm-samples-12-1 (12.1.105-1) ...
Setting up cuda-nvcc-12-1 (12.1.105-1) ...
Setting up cuda-drivers-530 (530.30.02-1) ...
Setting up cuda-compiler-12-1 (12.1.1-1) ...
Setting up cuda-drivers (530.30.02-1) ...
Setting up cuda-runtime-12-1 (12.1.1-1) ...
Setting up cuda-demo-suite-12-1 (12.1.105-1) ...
Setting up libcrypt1:i386 (1:4.4.27-1) ...
Setting up libgcc-s1:i386 (12.1.0-2ubuntu1~22.04) ...
Setting up libc6:i386 (2.35-0ubuntu3.1) ...
Setting up libffi8:i386 (3.4.2-4) ...
Setting up libdrm2:i386 (2.4.113-2~ubuntu0.22.04.1) ...
Setting up libmd0:i386 (1.0.4-1build1) ...
Setting up libxshmfence1:i386 (1.3-1build4) ...
Setting up libbsd0:i386 (0.11.5-1) ...
Setting up libstdc++6:i386 (12.1.0-2ubuntu1~22.04) ...
Setting up libtinfo6:i386 (6.3-2) ...
Setting up libicu70:i386 (70.1-2) ...
Setting up libdrm-amdgpu1:i386 (2.4.113-2~ubuntu0.22.04.1) ...
Setting up libwayland-client0:i386 (1.20.0-1ubuntu0.1) ...
Setting up libexpat1:i386 (2.4.7-1ubuntu0.2) ...
Setting up libwayland-server0:i386 (1.20.0-1ubuntu0.1) ...
Setting up libzstd1:i386 (1.4.8+dfsg-3build1) ...
Setting up libxau6:i386 (1:1.0.9-1build5) ...
Setting up libxdmcp6:i386 (1:1.1.3-0ubuntu5) ...
Setting up libkeyutils1:i386 (1.6.1-2ubuntu3) ...
Setting up libdrm-nouveau2:i386 (2.4.113-2~ubuntu0.22.04.1) ...
Setting up libxcb1:i386 (1.14-3ubuntu3) ...
Setting up libxcb-xfixes0:i386 (1.14-3ubuntu3) ...
Setting up default-jre-headless (2:1.11-72build2) ...
Setting up liblzma5:i386 (5.2.5-2ubuntu1) ...
Setting up libgbm1:i386 (22.2.5-0ubuntu0.1~22.04.1) ...
Setting up libdrm-radeon1:i386 (2.4.113-2~ubuntu0.22.04.1) ...
Setting up libglvnd0:i386 (1.4.0-1) ...
Setting up libxcb-glx0:i386 (1.14-3ubuntu3) ...
Setting up libedit2:i386 (3.1-20210910-1build1) ...
Setting up openjdk-11-jre-headless:amd64 (11.0.18+10-0ubuntu1~22.04) ...
update-alternatives: using /usr/lib/jvm/java-11-openjdk-amd64/bin/java to provide /usr/bin/java (java) in auto mode
update-alternatives: using /usr/lib/jvm/java-11-openjdk-amd64/bin/jjs to provide /usr/bin/jjs (jjs) in auto mode
update-alternatives: using /usr/lib/jvm/java-11-openjdk-amd64/bin/keytool to provide /usr/bin/keytool (keytool) in auto mode
update-alternatives: using /usr/lib/jvm/java-11-openjdk-amd64/bin/rmid to provide /usr/bin/rmid (rmid) in auto mode
update-alternatives: using /usr/lib/jvm/java-11-openjdk-amd64/bin/rmiregistry to provide /usr/bin/rmiregistry (rmiregistry) in auto mode
update-alternatives: using /usr/lib/jvm/java-11-openjdk-amd64/bin/pack200 to provide /usr/bin/pack200 (pack200) in auto mode
update-alternatives: using /usr/lib/jvm/java-11-openjdk-amd64/bin/unpack200 to provide /usr/bin/unpack200 (unpack200) in auto mode
update-alternatives: using /usr/lib/jvm/java-11-openjdk-amd64/lib/jexec to provide /usr/bin/jexec (jexec) in auto mode
Setting up libssl3:i386 (3.0.2-0ubuntu1.9) ...
Setting up libunistring2:i386 (1.0-1) ...
Setting up zlib1g:i386 (1:1.2.11.dfsg-2ubuntu9.2) ...
Setting up openjdk-11-jre:amd64 (11.0.18+10-0ubuntu1~22.04) ...
Setting up libidn2-0:i386 (2.3.2-2build1) ...
Setting up libxcb-shm0:i386 (1.14-3ubuntu3) ...
Setting up libcom-err2:i386 (1.46.5-2ubuntu1.1) ...
Setting up default-jre (2:1.11-72build2) ...
Setting up cuda-nsight-12-1 (12.1.105-1) ...
Setting up libopengl0:i386 (1.4.0-1) ...
Setting up libkrb5support0:i386 (1.19.2-2ubuntu0.1) ...
Setting up libxcb-present0:i386 (1.14-3ubuntu3) ...
Setting up libnvidia-compute-530:i386 (530.30.02-0ubuntu1) ...
Setting up libgles2:i386 (1.4.0-1) ...
Setting up libxcb-sync1:i386 (1.14-3ubuntu3) ...
Setting up libatomic1:i386 (12.1.0-2ubuntu1~22.04) ...
Setting up libsensors5:i386 (1:3.6.0-7ubuntu1) ...
Setting up libk5crypto3:i386 (1.19.2-2ubuntu0.1) ...
Setting up libglapi-mesa:i386 (22.2.5-0ubuntu0.1~22.04.1) ...
Setting up libxcb-dri2-0:i386 (1.14-3ubuntu3) ...
Setting up libx11-6:i386 (2:1.7.5-1) ...
Setting up libkrb5-3:i386 (1.19.2-2ubuntu0.1) ...
Setting up ca-certificates-java (20190909ubuntu1.1) ...
head: cannot open '/etc/ssl/certs/java/cacerts' for reading: No such file or directory
Adding debian:D-TRUST_Root_Class_3_CA_2_EV_2009.pem
Adding debian:Amazon_Root_CA_2.pem
Adding debian:Starfield_Root_Certificate_Authority_-_G2.pem
Adding debian:GDCA_TrustAUTH_R5_ROOT.pem
Adding debian:Trustwave_Global_Certification_Authority.pem
Adding debian:ssl-cert-snakeoil.pem
Adding debian:Microsoft_ECC_Root_Certificate_Authority_2017.pem
Adding debian:Go_Daddy_Root_Certificate_Authority_-_G2.pem
Adding debian:Microsoft_RSA_Root_Certificate_Authority_2017.pem
Adding debian:Security_Communication_RootCA2.pem
Adding debian:SSL.com_Root_Certification_Authority_RSA.pem
Adding debian:AffirmTrust_Networking.pem
Adding debian:EC-ACC.pem
Adding debian:Certum_Trusted_Network_CA_2.pem
Adding debian:ePKI_Root_Certification_Authority.pem
Adding debian:GTS_Root_R1.pem
Adding debian:NetLock_Arany_=Class_Gold=_Főtanúsítvány.pem
Adding debian:DigiCert_High_Assurance_EV_Root_CA.pem
Adding debian:ISRG_Root_X1.pem
Adding debian:GlobalSign_Root_CA.pem
Adding debian:GlobalSign_ECC_Root_CA_-_R4.pem
Adding debian:Certum_Trusted_Network_CA.pem
Adding debian:Microsec_e-Szigno_Root_CA_2009.pem
Adding debian:Atos_TrustedRoot_2011.pem
Adding debian:DigiCert_Global_Root_CA.pem
Adding debian:Hellenic_Academic_and_Research_Institutions_RootCA_2011.pem
Adding debian:Certigna_Root_CA.pem
Adding debian:USERTrust_ECC_Certification_Authority.pem
Adding debian:TWCA_Root_Certification_Authority.pem
Adding debian:USERTrust_RSA_Certification_Authority.pem
Adding debian:E-Tugra_Certification_Authority.pem
Adding debian:AffirmTrust_Premium_ECC.pem
Adding debian:AffirmTrust_Commercial.pem
Adding debian:Izenpe.com.pem
Adding debian:GlobalSign_Root_CA_-_R6.pem
Adding debian:emSign_Root_CA_-_G1.pem
Adding debian:Certum_EC-384_CA.pem
Adding debian:Hellenic_Academic_and_Research_Institutions_RootCA_2015.pem
Adding debian:e-Szigno_Root_CA_2017.pem
Adding debian:certSIGN_Root_CA_G2.pem
Adding debian:GTS_Root_R3.pem
Adding debian:emSign_ECC_Root_CA_-_G3.pem
Adding debian:GTS_Root_R2.pem
Adding debian:OISTE_WISeKey_Global_Root_GB_CA.pem
Adding debian:NAVER_Global_Root_Certification_Authority.pem
Adding debian:SwissSign_Gold_CA_-_G2.pem
Adding debian:Starfield_Services_Root_Certificate_Authority_-_G2.pem
Adding debian:GTS_Root_R4.pem
Adding debian:IdenTrust_Commercial_Root_CA_1.pem
Adding debian:DigiCert_Trusted_Root_G4.pem
Adding debian:Trustwave_Global_ECC_P384_Certification_Authority.pem
Adding debian:XRamp_Global_CA_Root.pem
Adding debian:DigiCert_Assured_ID_Root_CA.pem
Adding debian:UCA_Global_G2_Root.pem
Adding debian:SecureTrust_CA.pem
Adding debian:Hongkong_Post_Root_CA_1.pem
Adding debian:Go_Daddy_Class_2_CA.pem
Adding debian:SecureSign_RootCA11.pem
Adding debian:T-TeleSec_GlobalRoot_Class_2.pem
Adding debian:Secure_Global_CA.pem
Adding debian:Hellenic_Academic_and_Research_Institutions_ECC_RootCA_2015.pem
Adding debian:SSL.com_Root_Certification_Authority_ECC.pem
Adding debian:ANF_Secure_Server_Root_CA.pem
Adding debian:CFCA_EV_ROOT.pem
Adding debian:emSign_ECC_Root_CA_-_C3.pem
Adding debian:DigiCert_Assured_ID_Root_G2.pem
Adding debian:COMODO_Certification_Authority.pem
Adding debian:SZAFIR_ROOT_CA2.pem
Adding debian:Entrust_Root_Certification_Authority.pem
Adding debian:Buypass_Class_2_Root_CA.pem
Adding debian:Network_Solutions_Certificate_Authority.pem
Adding debian:Hongkong_Post_Root_CA_3.pem
Adding debian:Amazon_Root_CA_3.pem
Adding debian:SwissSign_Silver_CA_-_G2.pem
Adding debian:GlobalSign_ECC_Root_CA_-_R5.pem
Adding debian:Baltimore_CyberTrust_Root.pem
Adding debian:QuoVadis_Root_CA_1_G3.pem
Adding debian:QuoVadis_Root_CA_2_G3.pem
Adding debian:emSign_Root_CA_-_C1.pem
Adding debian:AC_RAIZ_FNMT-RCM.pem
Adding debian:Trustwave_Global_ECC_P256_Certification_Authority.pem
Adding debian:GlobalSign_Root_CA_-_R3.pem
Adding debian:CA_Disig_Root_R2.pem
Adding debian:TeliaSonera_Root_CA_v1.pem
Adding debian:DigiCert_Assured_ID_Root_G3.pem
Adding debian:COMODO_RSA_Certification_Authority.pem
Adding debian:UCA_Extended_Validation_Root.pem
Adding debian:TUBITAK_Kamu_SM_SSL_Kok_Sertifikasi_-_Surum_1.pem
Adding debian:GlobalSign_Root_CA_-_R2.pem
Adding debian:certSIGN_ROOT_CA.pem
Adding debian:D-TRUST_Root_Class_3_CA_2_2009.pem
Adding debian:Autoridad_de_Certificacion_Firmaprofesional_CIF_A62634068.pem
Adding debian:GlobalSign_Root_R46.pem
Adding debian:T-TeleSec_GlobalRoot_Class_3.pem
Adding debian:Security_Communication_Root_CA.pem
Adding debian:Comodo_AAA_Services_root.pem
Adding debian:COMODO_ECC_Certification_Authority.pem
Adding debian:Amazon_Root_CA_4.pem
Adding debian:Entrust.net_Premium_2048_Secure_Server_CA.pem
Adding debian:Entrust_Root_Certification_Authority_-_G4.pem
Adding debian:QuoVadis_Root_CA_3_G3.pem
Adding debian:AC_RAIZ_FNMT-RCM_SERVIDORES_SEGUROS.pem
Adding debian:Entrust_Root_Certification_Authority_-_G2.pem
Adding debian:Staat_der_Nederlanden_EV_Root_CA.pem
Adding debian:QuoVadis_Root_CA_3.pem
Adding debian:ACCVRAIZ1.pem
Adding debian:AffirmTrust_Premium.pem
Adding debian:QuoVadis_Root_CA_2.pem
Adding debian:SSL.com_EV_Root_Certification_Authority_ECC.pem
Adding debian:Cybertrust_Global_Root.pem
Adding debian:Certigna.pem
Adding debian:Amazon_Root_CA_1.pem
Adding debian:Actalis_Authentication_Root_CA.pem
Adding debian:DigiCert_Global_Root_G3.pem
Adding debian:SSL.com_EV_Root_Certification_Authority_RSA_R2.pem
Adding debian:IdenTrust_Public_Sector_Root_CA_1.pem
Adding debian:Starfield_Class_2_CA.pem
Adding debian:TWCA_Global_Root_CA.pem
Adding debian:GlobalSign_Root_E46.pem
Adding debian:OISTE_WISeKey_Global_Root_GC_CA.pem
Adding debian:Entrust_Root_Certification_Authority_-_EC1.pem
Adding debian:DigiCert_Global_Root_G2.pem
Adding debian:Certum_Trusted_Root_CA.pem
Adding debian:GLOBALTRUST_2020.pem
Adding debian:Buypass_Class_3_Root_CA.pem
done.
Setting up libelf1:i386 (0.186-1build1) ...
Setting up libxml2:i386 (2.9.13+dfsg-1ubuntu0.3) ...
Setting up libxcb-dri3-0:i386 (1.14-3ubuntu3) ...
Setting up libx11-xcb1:i386 (2:1.7.5-1) ...
Setting up cuda-nvvp-12-1 (12.1.105-1) ...
Setting up libxext6:i386 (2:1.3.4-1build1) ...
Setting up cuda-visual-tools-12-1 (12.1.1-1) ...
Setting up libxxf86vm1:i386 (1:1.1.4-1build3) ...
Setting up libegl-mesa0:i386 (22.2.5-0ubuntu0.1~22.04.1) ...
Setting up libxfixes3:i386 (1:6.0.0-1) ...
Setting up libgssapi-krb5-2:i386 (1.19.2-2ubuntu0.1) ...
Setting up libnvidia-decode-530:i386 (530.30.02-0ubuntu1) ...
Setting up libllvm15:i386 (1:15.0.7-0ubuntu0.22.04.1) ...
Setting up libegl1:i386 (1.4.0-1) ...
Setting up libtirpc3:i386 (1.3.2-2ubuntu0.1) ...
Setting up libnvidia-encode-530:i386 (530.30.02-0ubuntu1) ...
Setting up cuda-tools-12-1 (12.1.1-1) ...
Setting up libgl1-mesa-dri:i386 (22.2.5-0ubuntu0.1~22.04.1) ...
Setting up cuda-toolkit-12-1 (12.1.1-1) ...
Setting up cuda-12-1 (12.1.1-1) ...
Setting up libnsl2:i386 (1.3.0-2build2) ...
Setting up libglx-mesa0:i386 (22.2.5-0ubuntu0.1~22.04.1) ...
Setting up libglx0:i386 (1.4.0-1) ...
Setting up cuda (12.1.1-1) ...
Setting up libnss-nisplus:i386 (1.3-0ubuntu6) ...
Setting up libgl1:i386 (1.4.0-1) ...
Setting up libnss-nis:i386 (3.1-0ubuntu6) ...
Setting up libnvidia-gl-530:i386 (530.30.02-0ubuntu1) ...
Setting up libnvidia-fbc1-530:i386 (530.30.02-0ubuntu1) ...
Processing triggers for hicolor-icon-theme (0.17-2) ...
Processing triggers for libc-bin (2.35-0ubuntu3.1) ...
Processing triggers for man-db (2.10.2-1) ...
Processing triggers for ca-certificates (20211016ubuntu0.22.04.1) ...
Updating certificates in /etc/ssl/certs...
0 added, 0 removed; done.
Running hooks in /etc/ca-certificates/update.d...

done.
done.
Processing triggers for dbus (1.12.20-2ubuntu4.1) ...
Processing triggers for mailcap (3.70+nmu1ubuntu1) ...
Processing triggers for fontconfig (2.13.1-4.2ubuntu5) ...
Processing triggers for desktop-file-utils (0.26-1ubuntu3) ...
Processing triggers for initramfs-tools (0.140ubuntu13.1) ...
update-initramfs: Generating /boot/initrd.img-5.19.0-41-generic
